0 info it worked if it ends with ok
1 verbose cli [ '/usr/bin/node', '/usr/bin/npm', 'run', 'build:win' ]
2 info using npm@3.5.2
3 info using node@v8.10.0
4 verbose run-script [ 'prebuild:win', 'build:win', 'postbuild:win' ]
5 info lifecycle park-chat-electron@1.0.0~prebuild:win: park-chat-electron@1.0.0
6 silly lifecycle park-chat-electron@1.0.0~prebuild:win: no script for prebuild:win, continuing
7 info lifecycle park-chat-electron@1.0.0~build:win: park-chat-electron@1.0.0
8 verbose lifecycle park-chat-electron@1.0.0~build:win: unsafe-perm in lifecycle true
9 verbose lifecycle park-chat-electron@1.0.0~build:win: PATH: /usr/share/npm/bin/node-gyp-bin:/mnt/e/vue/park-chat-electron/node_modules/.bin:/usr/local/sbin:/usr/local/bin:/usr/sbin:/usr/bin:/sbin:/bin:/usr/games:/usr/local/games:/mnt/c/Program Files/WindowsApps/CanonicalGroupLimited.Ubuntu18.04onWindows_1804.2019.522.0_x64__79rhkp1fndgsc:/mnt/c/Program Files (x86)/Common Files/Oracle/Java/javapath_target_1121375:/mnt/c/Windows/System32:/mnt/c/Windows:/mnt/c/Windows/System32/wbem:/mnt/c/Windows/System32/WindowsPowerShell/v1.0:/mnt/c/Windows/System32/OpenSSH:/mnt/c/Program Files/Git/cmd:/mnt/c/Program Files/nodejs:/mnt/c/Program Files/Java/jdk1.8.0_211/bin:/mnt/c/Program Files (x86)/NVIDIA Corporation/PhysX/Common:/mnt/c/Program Files (x86)/Microsoft SQL Server/Client SDK/ODBC/130/Tools/Binn:/mnt/c/Program Files (x86)/Microsoft SQL Server/140/Tools/Binn:/mnt/c/Program Files (x86)/Microsoft SQL Server/140/DTS/Binn:/mnt/c/Program Files (x86)/Microsoft SQL Server/140/Tools/Binn/ManagementStudio:/mnt/c/Program Files (x86)/Yarn/bin:/mnt/c/Users/94jun/AppData/Roaming/npm:/mnt/c/Program Files/MySQL/MySQL Shell 8.0/bin:/mnt/c/Users/94jun/AppData/Local/Programs/Microsoft VS Code/bin:/mnt/c/Users/94jun/AppData/Local/Yarn/bin:/snap/bin
10 verbose lifecycle park-chat-electron@1.0.0~build:win: CWD: /mnt/e/vue/park-chat-electron
11 silly lifecycle park-chat-electron@1.0.0~build:win: Args: [ '-c', 'npm run build:win32 && npm run build:win64' ]
12 silly lifecycle park-chat-electron@1.0.0~build:win: Returned: code: 1  signal: null
13 info lifecycle park-chat-electron@1.0.0~build:win: Failed to exec build:win script
14 verbose stack Error: park-chat-electron@1.0.0 build:win: `npm run build:win32 && npm run build:win64`
14 verbose stack Exit status 1
14 verbose stack     at EventEmitter.<anonymous> (/usr/share/npm/lib/utils/lifecycle.js:232:16)
14 verbose stack     at emitTwo (events.js:126:13)
14 verbose stack     at EventEmitter.emit (events.js:214:7)
14 verbose stack     at ChildProcess.<anonymous> (/usr/share/npm/lib/utils/spawn.js:24:14)
14 verbose stack     at emitTwo (events.js:126:13)
14 verbose stack     at ChildProcess.emit (events.js:214:7)
14 verbose stack     at maybeClose (internal/child_process.js:925:16)
14 verbose stack     at Process.ChildProcess._handle.onexit (internal/child_process.js:209:5)
15 verbose pkgid park-chat-electron@1.0.0
16 verbose cwd /mnt/e/vue/park-chat-electron
17 error Linux 4.4.0-17134-Microsoft
18 error argv "/usr/bin/node" "/usr/bin/npm" "run" "build:win"
19 error node v8.10.0
20 error npm  v3.5.2
21 error code ELIFECYCLE
22 error park-chat-electron@1.0.0 build:win: `npm run build:win32 && npm run build:win64`
22 error Exit status 1
23 error Failed at the park-chat-electron@1.0.0 build:win script 'npm run build:win32 && npm run build:win64'.
23 error Make sure you have the latest version of node.js and npm installed.
23 error If you do, this is most likely a problem with the park-chat-electron package,
23 error not with npm itself.
23 error Tell the author that this fails on your system:
23 error     npm run build:win32 && npm run build:win64
23 error You can get information on how to open an issue for this project with:
23 error     npm bugs park-chat-electron
23 error Or if that isn't available, you can get their info via:
23 error     npm owner ls park-chat-electron
23 error There is likely additional logging output above.
24 verbose exit [ 1, true ]
